#
# There is insufficient memory for the Java Runtime Environment to continue.
# Native memory allocation (malloc) failed to allocate 101920 bytes. Error detail: Chunk::new
# Possible reasons:
#   The system is out of physical RAM or swap space
#   This process is running with CompressedOops enabled, and the Java Heap may be blocking the growth of the native heap
# Possible solutions:
#   Reduce memory load on the system
#   Increase physical memory or swap space
#   Check if swap backing store is full
#   Decrease Java heap size (-Xmx/-Xms)
#   Decrease number of Java threads
#   Decrease Java thread stack sizes (-Xss)
#   Set larger code cache with -XX:ReservedCodeCacheSize=
#   JVM is running with Zero Based Compressed Oops mode in which the Java heap is
#     placed in the first 32GB address space. The Java Heap base address is the
#     maximum limit for the native heap growth. Please use -XX:HeapBaseMinAddress
#     to set the Java Heap base and to place the Java Heap above 32GB virtual address.
# This output file may be truncated or incomplete.
#
#  Out of Memory Error (arena.cpp:168), pid=9504, tid=2696
#
# JRE version: OpenJDK Runtime Environment Temurin-21.0.10+7 (21.0.10+7) (build 21.0.10+7-LTS)
# Java VM: OpenJDK 64-Bit Server VM Temurin-21.0.10+7 (21.0.10+7-LTS, mixed mode, sharing, tiered, compressed oops, compressed class ptrs, g1 gc, windows-amd64)
# No core dump will be written. Minidumps are not enabled by default on client versions of Windows
#

---------------  S U M M A R Y ------------

Command Line: -Dfile.encoding=UTF-8 -Dstdout.encoding=UTF-8 -Dstderr.encoding=UTF-8 -XX:+ShowCodeDetailsInExceptionMessages com.bananinha.bananinha_materiais.BananinhaMateriaisApplication

Host: Intel(R) Core(TM) i5-9400F CPU @ 2.90GHz, 6 cores, 15G,  Windows 10 , 64 bit Build 19041 (10.0.19041.7291)
Time: Wed Jun 10 19:23:29 2026 Hora oficial do Brasil elapsed time: 3826.627286 seconds (0d 1h 3m 46s)

---------------  T H R E A D  ---------------

Current thread (0x00000271aab78890):  JavaThread "C2 CompilerThread0" daemon [_thread_in_native, id=2696, stack(0x000000f704800000,0x000000f704900000) (1024K)]


Current CompileTask:
C2:3826627 6363       4       java.util.HashMap::valuesToArray (81 bytes)

Stack: [0x000000f704800000,0x000000f704900000]
Native frames: (J=compiled Java code, j=interpreted, Vv=VM code, C=native code)
V  [jvm.dll+0x6d7a39]
V  [jvm.dll+0x8b4b26]
V  [jvm.dll+0x8b70de]
V  [jvm.dll+0x8b77c3]
V  [jvm.dll+0x284346]
V  [jvm.dll+0xc66ed]
V  [jvm.dll+0xc6c31]
V  [jvm.dll+0x3bec3b]
V  [jvm.dll+0x38b162]
V  [jvm.dll+0x38a5aa]
V  [jvm.dll+0x24c560]
V  [jvm.dll+0x24bb40]
V  [jvm.dll+0x1cb34e]
V  [jvm.dll+0x25b85d]
V  [jvm.dll+0x259dea]
V  [jvm.dll+0x3f857e]
V  [jvm.dll+0x85f59d]
V  [jvm.dll+0x6d626d]
C  [ucrtbase.dll+0x21bb2]
C  [KERNEL32.DLL+0x17374]
C  [ntdll.dll+0x4cc91]


---------------  P R O C E S S  ---------------

Threads class SMR info:
_java_thread_list=0x00000271f2a2e040, length=30, elements={
0x00000271aab65e90, 0x00000271aab66760, 0x00000271aab6d070, 0x00000271aab6da40,
0x00000271f0008490, 0x00000271aab77d50, 0x00000271aab78890, 0x00000271aab78f40,
0x00000271aab74f60, 0x00000271aab75c80, 0x00000271aab77030, 0x00000271f20154f0,
0x00000271f2012700, 0x00000271f2014e60, 0x00000271f20147d0, 0x00000271f2013420,
0x00000271f2014140, 0x00000271f2a91a40, 0x00000271f2a8d8a0, 0x00000271f2a8f2e0,
0x00000271f2a8e5c0, 0x00000271f2a8be60, 0x00000271f2a8df30, 0x00000271f2a8c4f0,
0x00000271f2a93480, 0x00000271f2a92760, 0x00000271f2a8cb80, 0x00000271f2a90690,
0x00000271f2a8d210, 0x00000271f2a920d0
}

Java Threads: ( => current thread )
  0x00000271aab65e90 JavaThread "Reference Handler"          daemon [_thread_blocked, id=5180, stack(0x000000f704200000,0x000000f704300000) (1024K)]
  0x00000271aab66760 JavaThread "Finalizer"                  daemon [_thread_blocked, id=5488, stack(0x000000f704300000,0x000000f704400000) (1024K)]
  0x00000271aab6d070 JavaThread "Signal Dispatcher"          daemon [_thread_blocked, id=9560, stack(0x000000f704400000,0x000000f704500000) (1024K)]
  0x00000271aab6da40 JavaThread "Attach Listener"            daemon [_thread_blocked, id=16376, stack(0x000000f704500000,0x000000f704600000) (1024K)]
  0x00000271f0008490 JavaThread "Service Thread"             daemon [_thread_blocked, id=15636, stack(0x000000f704600000,0x000000f704700000) (1024K)]
  0x00000271aab77d50 JavaThread "Monitor Deflation Thread"   daemon [_thread_blocked, id=6564, stack(0x000000f704700000,0x000000f704800000) (1024K)]
=>0x00000271aab78890 JavaThread "C2 CompilerThread0"         daemon [_thread_in_native, id=2696, stack(0x000000f704800000,0x000000f704900000) (1024K)]
  0x00000271aab78f40 JavaThread "C1 CompilerThread0"         daemon [_thread_blocked, id=8248, stack(0x000000f704900000,0x000000f704a00000) (1024K)]
  0x00000271aab74f60 JavaThread "Notification Thread"        daemon [_thread_blocked, id=14932, stack(0x000000f704a00000,0x000000f704b00000) (1024K)]
  0x00000271aab75c80 JavaThread "Common-Cleaner"             daemon [_thread_blocked, id=1032, stack(0x000000f704b00000,0x000000f704c00000) (1024K)]
  0x00000271aab77030 JavaThread "Catalina-utility-1"                [_thread_blocked, id=8496, stack(0x000000f705500000,0x000000f705600000) (1024K)]
  0x00000271f20154f0 JavaThread "Catalina-utility-2"                [_thread_blocked, id=13732, stack(0x000000f705600000,0x000000f705700000) (1024K)]
  0x00000271f2012700 JavaThread "container-0"                       [_thread_blocked, id=8368, stack(0x000000f705700000,0x000000f705800000) (1024K)]
  0x00000271f2014e60 JavaThread "mysql-cj-abandoned-connection-cleanup" daemon [_thread_blocked, id=9020, stack(0x000000f705800000,0x000000f705900000) (1024K)]
  0x00000271f20147d0 JavaThread "HikariPool-1 housekeeper"   daemon [_thread_blocked, id=15668, stack(0x000000f705a00000,0x000000f705b00000) (1024K)]
  0x00000271f2013420 JavaThread "File Watcher"               daemon [_thread_blocked, id=5308, stack(0x000000f705c00000,0x000000f705d00000) (1024K)]
  0x00000271f2014140 JavaThread "Live Reload Server"         daemon [_thread_in_native, id=12520, stack(0x000000f705e00000,0x000000f705f00000) (1024K)]
  0x00000271f2a91a40 JavaThread "http-nio-8080-exec-1"       daemon [_thread_blocked, id=12132, stack(0x000000f705d00000,0x000000f705e00000) (1024K)]
  0x00000271f2a8d8a0 JavaThread "http-nio-8080-exec-2"       daemon [_thread_blocked, id=8116, stack(0x000000f705f00000,0x000000f706000000) (1024K)]
  0x00000271f2a8f2e0 JavaThread "http-nio-8080-exec-3"       daemon [_thread_blocked, id=11792, stack(0x000000f706000000,0x000000f706100000) (1024K)]
  0x00000271f2a8e5c0 JavaThread "http-nio-8080-exec-4"       daemon [_thread_blocked, id=8372, stack(0x000000f706100000,0x000000f706200000) (1024K)]
  0x00000271f2a8be60 JavaThread "http-nio-8080-exec-5"       daemon [_thread_blocked, id=14520, stack(0x000000f706200000,0x000000f706300000) (1024K)]
  0x00000271f2a8df30 JavaThread "http-nio-8080-exec-6"       daemon [_thread_blocked, id=8220, stack(0x000000f706300000,0x000000f706400000) (1024K)]
  0x00000271f2a8c4f0 JavaThread "http-nio-8080-exec-7"       daemon [_thread_blocked, id=11008, stack(0x000000f706400000,0x000000f706500000) (1024K)]
  0x00000271f2a93480 JavaThread "http-nio-8080-exec-8"       daemon [_thread_blocked, id=16152, stack(0x000000f706500000,0x000000f706600000) (1024K)]
  0x00000271f2a92760 JavaThread "http-nio-8080-exec-9"       daemon [_thread_blocked, id=11340, stack(0x000000f706600000,0x000000f706700000) (1024K)]
  0x00000271f2a8cb80 JavaThread "http-nio-8080-exec-10"      daemon [_thread_blocked, id=2020, stack(0x000000f706700000,0x000000f706800000) (1024K)]
  0x00000271f2a90690 JavaThread "http-nio-8080-Poller"       daemon [_thread_in_native, id=7556, stack(0x000000f706800000,0x000000f706900000) (1024K)]
  0x00000271f2a8d210 JavaThread "http-nio-8080-Acceptor"     daemon [_thread_in_native, id=1076, stack(0x000000f706900000,0x000000f706a00000) (1024K)]
  0x00000271f2a920d0 JavaThread "DestroyJavaVM"                     [_thread_blocked, id=9160, stack(0x000000f703a00000,0x000000f703b00000) (1024K)]
Total: 30

Other Threads:
  0x00000271aab48260 VMThread "VM Thread"                           [id=14700, stack(0x000000f704100000,0x000000f704200000) (1024K)]
  0x00000271aab374b0 WatcherThread "VM Periodic Task Thread"        [id=13404, stack(0x000000f704000000,0x000000f704100000) (1024K)]
  0x0000027190d3f260 WorkerThread "GC Thread#0"                     [id=8680, stack(0x000000f703b00000,0x000000f703c00000) (1024K)]
  0x00000271f0849b10 WorkerThread "GC Thread#1"                     [id=6812, stack(0x000000f704c00000,0x000000f704d00000) (1024K)]
  0x00000271f0849ec0 WorkerThread "GC Thread#2"                     [id=15640, stack(0x000000f704d00000,0x000000f704e00000) (1024K)]
  0x00000271f084a270 WorkerThread "GC Thread#3"                     [id=5444, stack(0x000000f704e00000,0x000000f704f00000) (1024K)]
  0x00000271f084a620 WorkerThread "GC Thread#4"                     [id=9124, stack(0x000000f704f00000,0x000000f705000000) (1024K)]
  0x00000271f0bfdbb0 WorkerThread "GC Thread#5"                     [id=15196, stack(0x000000f705000000,0x000000f705100000) (1024K)]
  0x0000027190d50830 ConcurrentGCThread "G1 Main Marker"            [id=2860, stack(0x000000f703c00000,0x000000f703d00000) (1024K)]
  0x0000027190d51ba0 WorkerThread "G1 Conc#0"                       [id=5716, stack(0x000000f703d00000,0x000000f703e00000) (1024K)]
  0x00000271f20f6670 WorkerThread "G1 Conc#1"                       [id=5884, stack(0x000000f705300000,0x000000f705400000) (1024K)]
  0x0000027190d9e1c0 ConcurrentGCThread "G1 Refine#0"               [id=13728, stack(0x000000f703e00000,0x000000f703f00000) (1024K)]
  0x0000027190d9e860 ConcurrentGCThread "G1 Service"                [id=10260, stack(0x000000f703f00000,0x000000f704000000) (1024K)]
Total: 13

Threads with active compile tasks:
C2 CompilerThread0  3826711 6363       4       java.util.HashMap::valuesToArray (81 bytes)
Total: 1

VM state: not at safepoint (normal execution)

VM Mutex/Monitor currently owned by a thread: None

Heap address: 0x0000000701400000, size: 4076 MB, Compressed Oops mode: Zero based, Oop shift amount: 3

CDS archive(s) mapped at: [0x00000271ab000000-0x00000271abc80000-0x00000271abc80000), size 13107200, SharedBaseAddress: 0x00000271ab000000, ArchiveRelocationMode: 1.
Compressed class space mapped at: 0x00000271ac000000-0x00000271ec000000, reserved size: 1073741824
Narrow klass base: 0x00000271ab000000, Narrow klass shift: 0, Narrow klass range: 0x100000000

GC Precious Log:
 CardTable entry size: 512
 Card Set container configuration: InlinePtr #cards 4 size 8 Array Of Cards #cards 16 size 48 Howl #buckets 8 coarsen threshold 3686 Howl Bitmap #cards 512 size 80 coarsen threshold 460 Card regions per heap region 1 cards per card region 4096
 CPUs: 6 total, 6 available
 Memory: 16296M
 Large Page Support: Disabled
 NUMA Support: Disabled
 Compressed Oops: Enabled (Zero based)
 Heap Region Size: 2M
 Heap Min Capacity: 8M
 Heap Initial Capacity: 256M
 Heap Max Capacity: 4076M
 Pre-touch: Disabled
 Parallel Workers: 6
 Concurrent Workers: 2
 Concurrent Refinement Workers: 6
 Periodic GC: Disabled

Heap:
 garbage-first heap   total 55296K, used 45804K [0x0000000701400000, 0x0000000800000000)
  region size 2048K, 10 young (20480K), 1 survivors (2048K)
 Metaspace       used 64527K, committed 65088K, reserved 1114112K
  class space    used 8694K, committed 8960K, reserved 1048576K

Heap Regions: E=young(eden), S=young(survivor), O=old, HS=humongous(starts), HC=humongous(continues), CS=collection set, F=free, TAMS=top-at-mark-start, PB=parsable bottom
|   0|0x0000000701400000, 0x0000000701600000, 0x0000000701600000|100%| O|  |TAMS 0x0000000701400000| PB 0x0000000701400000| Untracked 
|   1|0x0000000701600000, 0x0000000701800000, 0x0000000701800000|100%| O|  |TAMS 0x0000000701600000| PB 0x0000000701600000| Untracked 
|   2|0x0000000701800000, 0x0000000701a00000, 0x0000000701a00000|100%| O|  |TAMS 0x0000000701800000| PB 0x0000000701800000| Untracked 
|   3|0x0000000701a00000, 0x0000000701a00000, 0x0000000701c00000|  0%| F|  |TAMS 0x0000000701a00000| PB 0x0000000701a00000| Untracked 
|   4|0x0000000701c00000, 0x0000000701e00000, 0x0000000701e00000|100%| O|  |TAMS 0x0000000701c00000| PB 0x0000000701c00000| Untracked 
|   5|0x0000000701e00000, 0x0000000702000000, 0x0000000702000000|100%| O|  |TAMS 0x0000000701e00000| PB 0x0000000701e00000| Untracked 
|   6|0x0000000702000000, 0x0000000702200000, 0x0000000702200000|100%| O|  |TAMS 0x0000000702000000| PB 0x0000000702000000| Untracked 
|   7|0x0000000702200000, 0x0000000702400000, 0x0000000702400000|100%| O|  |TAMS 0x0000000702200000| PB 0x0000000702200000| Untracked 
|   8|0x0000000702400000, 0x0000000702600000, 0x0000000702600000|100%| O|  |TAMS 0x0000000702400000| PB 0x0000000702400000| Untracked 
|   9|0x0000000702600000, 0x0000000702800000, 0x0000000702800000|100%| O|  |TAMS 0x0000000702600000| PB 0x0000000702600000| Untracked 
|  10|0x0000000702800000, 0x0000000702a00000, 0x0000000702a00000|100%| O|  |TAMS 0x0000000702800000| PB 0x0000000702800000| Untracked 
|  11|0x0000000702a00000, 0x0000000702afb338, 0x0000000702c00000| 49%| O|  |TAMS 0x0000000702a00000| PB 0x0000000702a00000| Untracked 
|  12|0x0000000702c00000, 0x0000000702dc0020, 0x0000000702e00000| 87%| S|CS|TAMS 0x0000000702c00000| PB 0x0000000702c00000| Complete 
|  13|0x0000000702e00000, 0x0000000702e00000, 0x0000000703000000|  0%| F|  |TAMS 0x0000000702e00000| PB 0x0000000702e00000| Untracked 
|  14|0x0000000703000000, 0x0000000703200000, 0x0000000703200000|100%| O|  |TAMS 0x0000000703000000| PB 0x0000000703000000| Untracked 
|  15|0x0000000703200000, 0x0000000703400000, 0x0000000703400000|100%| O|  |TAMS 0x0000000703200000| PB 0x0000000703200000| Untracked 
|  16|0x0000000703400000, 0x0000000703600000, 0x0000000703600000|100%| O|  |TAMS 0x0000000703400000| PB 0x0000000703400000| Untracked 
|  17|0x0000000703600000, 0x0000000703600000, 0x0000000703800000|  0%| F|  |TAMS 0x0000000703600000| PB 0x0000000703600000| Untracked 
|  18|0x0000000703800000, 0x0000000703988d80, 0x0000000703a00000| 76%| E|  |TAMS 0x0000000703800000| PB 0x0000000703800000| Complete 
|  19|0x0000000703a00000, 0x0000000703c00000, 0x0000000703c00000|100%| E|CS|TAMS 0x0000000703a00000| PB 0x0000000703a00000| Complete 
|  20|0x0000000703c00000, 0x0000000703e00000, 0x0000000703e00000|100%| E|CS|TAMS 0x0000000703c00000| PB 0x0000000703c00000| Complete 
|  21|0x0000000703e00000, 0x0000000704000000, 0x0000000704000000|100%| E|CS|TAMS 0x0000000703e00000| PB 0x0000000703e00000| Complete 
| 118|0x0000000710000000, 0x0000000710200000, 0x0000000710200000|100%| E|CS|TAMS 0x0000000710000000| PB 0x0000000710000000| Complete 
| 119|0x0000000710200000, 0x0000000710400000, 0x0000000710400000|100%| E|CS|TAMS 0x0000000710200000| PB 0x0000000710200000| Complete 
| 120|0x0000000710400000, 0x0000000710600000, 0x0000000710600000|100%| E|CS|TAMS 0x0000000710400000| PB 0x0000000710400000| Complete 
| 121|0x0000000710600000, 0x0000000710800000, 0x0000000710800000|100%| E|CS|TAMS 0x0000000710600000| PB 0x0000000710600000| Complete 
| 127|0x0000000711200000, 0x0000000711400000, 0x0000000711400000|100%| E|CS|TAMS 0x0000000711200000| PB 0x0000000711200000| Complete 

Card table byte_map: [0x00000271a3fb0000,0x00000271a47b0000] _byte_map_base: 0x00000271a07a6000

Marking Bits: (CMBitMap*) 0x0000027190d40090
 Bits: [0x00000271a47b0000, 0x00000271a8760000)

Polling page: 0x00000271904a0000

Metaspace:

Usage:
  Non-class:     54.52 MB used.
      Class:      8.49 MB used.
       Both:     63.02 MB used.

Virtual space:
  Non-class space:       64.00 MB reserved,      54.81 MB ( 86%) committed,  1 nodes.
      Class space:        1.00 GB reserved,       8.75 MB ( <1%) committed,  1 nodes.
             Both:        1.06 GB reserved,      63.56 MB (  6%) committed. 

Chunk freelists:
   Non-Class:  8.62 MB
       Class:  7.23 MB
        Both:  15.86 MB

MaxMetaspaceSize: unlimited
CompressedClassSpaceSize: 1.00 GB
Initial GC threshold: 21.00 MB
Current GC threshold: 105.62 MB
CDS: on
 - commit_granule_bytes: 65536.
 - commit_granule_words: 8192.
 - virtual_space_node_default_size: 8388608.
 - enlarge_chunks_in_place: 1.
 - use_allocation_guard: 0.


Internal statistics:

num_allocs_failed_limit: 9.
num_arena_births: 774.
num_arena_deaths: 0.
num_vsnodes_births: 2.
num_vsnodes_deaths: 0.
num_space_committed: 1017.
num_space_uncommitted: 0.
num_chunks_returned_to_freelist: 9.
num_chunks_taken_from_freelist: 3010.
num_chunk_merges: 9.
num_chunk_splits: 2159.
num_chunks_enlarged: 1672.
num_inconsistent_stats: 0.

CodeHeap 'non-profiled nmethods': size=120000Kb used=3431Kb max_used=3431Kb free=116568Kb
 bounds [0x000002719c160000, 0x000002719c4c0000, 0x00000271a3690000]
CodeHeap 'profiled nmethods': size=120000Kb used=10698Kb max_used=10698Kb free=109301Kb
 bounds [0x0000027194690000, 0x0000027195110000, 0x000002719bbc0000]
CodeHeap 'non-nmethods': size=5760Kb used=1571Kb max_used=1646Kb free=4188Kb
 bounds [0x000002719bbc0000, 0x000002719be30000, 0x000002719c160000]
CodeCache: size=245760Kb, used=15700Kb, max_used=15775Kb, free=230057Kb
 total_blobs=6185, nmethods=5471, adapters=618, full_count=0
Compilation: enabled, stopped_count=0, restarted_count=0

Compilation events (20 events):
Event: 3786.308 Thread 0x00000271aab78f40 nmethod 6353 0x000002719c4b9090 code [0x000002719c4b9220, 0x000002719c4b92f0]
Event: 3786.308 Thread 0x00000271aab78f40 6354       1       com.zaxxer.hikari.HikariConfig::getLeakDetectionThreshold (5 bytes)
Event: 3786.308 Thread 0x00000271aab78f40 nmethod 6354 0x000002719c4b9390 code [0x000002719c4b9520, 0x000002719c4b95f0]
Event: 3786.308 Thread 0x00000271aab78f40 6355       1       com.zaxxer.hikari.HikariConfig::getCatalog (5 bytes)
Event: 3786.309 Thread 0x00000271aab78f40 nmethod 6355 0x000002719c4b9690 code [0x000002719c4b9820, 0x000002719c4b98f0]
Event: 3786.602 Thread 0x00000271aab78f40 6356       3       org.springframework.boot.web.embedded.tomcat.TomcatServletWebServerFactory$StaticResourceConfigurer::lifecycleEvent (24 bytes)
Event: 3786.603 Thread 0x00000271aab78f40 nmethod 6356 0x0000027195101910 code [0x0000027195101b00, 0x0000027195101e18]
Event: 3786.603 Thread 0x00000271aab78f40 6357       3       org.apache.catalina.core.StandardHost$MemoryLeakTrackingListener::lifecycleEvent (66 bytes)
Event: 3786.603 Thread 0x00000271aab78f40 nmethod 6357 0x0000027195102010 code [0x0000027195102240, 0x0000027195102b90]
Event: 3786.603 Thread 0x00000271aab78f40 6358       3       org.springframework.boot.autoconfigure.web.embedded.TomcatWebServerFactoryCustomizer$$Lambda/0x00000271ac386b00::lifecycleEvent (13 bytes)
Event: 3786.603 Thread 0x00000271aab78f40 nmethod 6358 0x0000027194a5b910 code [0x0000027194a5bac0, 0x0000027194a5bc10]
Event: 3786.603 Thread 0x00000271aab78f40 6359       3       org.springframework.boot.autoconfigure.web.embedded.TomcatWebServerFactoryCustomizer::lambda$customizeStaticResources$24 (56 bytes)
Event: 3786.603 Thread 0x00000271aab78f40 nmethod 6359 0x0000027195102e10 code [0x0000027195103060, 0x0000027195103868]
Event: 3786.603 Thread 0x00000271aab78f40 6360       3       org.springframework.boot.web.embedded.tomcat.TomcatWebServer$$Lambda/0x00000271ac3872a8::lifecycleEvent (13 bytes)
Event: 3786.604 Thread 0x00000271aab78f40 nmethod 6360 0x0000027195103c90 code [0x0000027195103ee0, 0x00000271951047d0]
Event: 3816.314 Thread 0x00000271aab78f40 6361       1       com.zaxxer.hikari.pool.ProxyLeakTaskFactory::updateLeakDetectionThreshold (6 bytes)
Event: 3816.314 Thread 0x00000271aab78f40 nmethod 6361 0x000002719c4b9990 code [0x000002719c4b9b20, 0x000002719c4b9be8]
Event: 3816.314 Thread 0x00000271aab78f40 6362       1       com.zaxxer.hikari.HikariConfig::getIdleTimeout (5 bytes)
Event: 3816.315 Thread 0x00000271aab78f40 nmethod 6362 0x000002719c4b9c90 code [0x000002719c4b9e20, 0x000002719c4b9ef0]
Event: 3826.615 Thread 0x00000271aab78890 6363       4       java.util.HashMap::valuesToArray (81 bytes)

GC Heap History (20 events):
Event: 4.698 GC heap before
{Heap before GC invocations=8 (full 0):
 garbage-first heap   total 55296K, used 22302K [0x0000000701400000, 0x0000000800000000)
  region size 2048K, 4 young (8192K), 2 survivors (4096K)
 Metaspace       used 35564K, committed 35968K, reserved 1114112K
  class space    used 4763K, committed 4928K, reserved 1048576K
}
Event: 4.701 GC heap after
{Heap after GC invocations=9 (full 0):
 garbage-first heap   total 55296K, used 20377K [0x0000000701400000, 0x0000000800000000)
  region size 2048K, 1 young (2048K), 1 survivors (2048K)
 Metaspace       used 35564K, committed 35968K, reserved 1114112K
  class space    used 4763K, committed 4928K, reserved 1048576K
}
Event: 5.460 GC heap before
{Heap before GC invocations=10 (full 0):
 garbage-first heap   total 55296K, used 42905K [0x0000000701400000, 0x0000000800000000)
  region size 2048K, 13 young (26624K), 1 survivors (2048K)
 Metaspace       used 45690K, committed 46208K, reserved 1114112K
  class space    used 5992K, committed 6208K, reserved 1048576K
}
Event: 5.462 GC heap after
{Heap after GC invocations=11 (full 0):
 garbage-first heap   total 55296K, used 22854K [0x0000000701400000, 0x0000000800000000)
  region size 2048K, 2 young (4096K), 2 survivors (4096K)
 Metaspace       used 45690K, committed 46208K, reserved 1114112K
  class space    used 5992K, committed 6208K, reserved 1048576K
}
Event: 6.137 GC heap before
{Heap before GC invocations=11 (full 0):
 garbage-first heap   total 55296K, used 43334K [0x0000000701400000, 0x0000000800000000)
  region size 2048K, 13 young (26624K), 2 survivors (4096K)
 Metaspace       used 52255K, committed 52736K, reserved 1114112K
  class space    used 6895K, committed 7104K, reserved 1048576K
}
Event: 6.141 GC heap after
{Heap after GC invocations=12 (full 0):
 garbage-first heap   total 55296K, used 23798K [0x0000000701400000, 0x0000000800000000)
  region size 2048K, 1 young (2048K), 1 survivors (2048K)
 Metaspace       used 52255K, committed 52736K, reserved 1114112K
  class space    used 6895K, committed 7104K, reserved 1048576K
}
Event: 6.841 GC heap before
{Heap before GC invocations=12 (full 0):
 garbage-first heap   total 55296K, used 42230K [0x0000000701400000, 0x0000000800000000)
  region size 2048K, 11 young (22528K), 1 survivors (2048K)
 Metaspace       used 57564K, committed 58112K, reserved 1114112K
  class space    used 7751K, committed 8000K, reserved 1048576K
}
Event: 6.844 GC heap after
{Heap after GC invocations=13 (full 0):
 garbage-first heap   total 55296K, used 24675K [0x0000000701400000, 0x0000000800000000)
  region size 2048K, 2 young (4096K), 2 survivors (4096K)
 Metaspace       used 57564K, committed 58112K, reserved 1114112K
  class space    used 7751K, committed 8000K, reserved 1048576K
}
Event: 7.113 GC heap before
{Heap before GC invocations=13 (full 0):
 garbage-first heap   total 55296K, used 34915K [0x0000000701400000, 0x0000000800000000)
  region size 2048K, 8 young (16384K), 2 survivors (4096K)
 Metaspace       used 59808K, committed 60288K, reserved 1114112K
  class space    used 8008K, committed 8192K, reserved 1048576K
}
Event: 7.115 GC heap after
{Heap after GC invocations=14 (full 0):
 garbage-first heap   total 55296K, used 25971K [0x0000000701400000, 0x0000000800000000)
  region size 2048K, 2 young (4096K), 2 survivors (4096K)
 Metaspace       used 59808K, committed 60288K, reserved 1114112K
  class space    used 8008K, committed 8192K, reserved 1048576K
}
Event: 7.580 GC heap before
{Heap before GC invocations=15 (full 0):
 garbage-first heap   total 55296K, used 46451K [0x0000000701400000, 0x0000000800000000)
  region size 2048K, 12 young (24576K), 2 survivors (4096K)
 Metaspace       used 62640K, committed 63296K, reserved 1114112K
  class space    used 8486K, committed 8768K, reserved 1048576K
}
Event: 7.583 GC heap after
{Heap after GC invocations=16 (full 0):
 garbage-first heap   total 55296K, used 28373K [0x0000000701400000, 0x0000000800000000)
  region size 2048K, 2 young (4096K), 2 survivors (4096K)
 Metaspace       used 62640K, committed 63296K, reserved 1114112K
  class space    used 8486K, committed 8768K, reserved 1048576K
}
Event: 277.131 GC heap before
{Heap before GC invocations=16 (full 0):
 garbage-first heap   total 55296K, used 46805K [0x0000000701400000, 0x0000000800000000)
  region size 2048K, 11 young (22528K), 2 survivors (4096K)
 Metaspace       used 64204K, committed 64768K, reserved 1114112K
  class space    used 8689K, committed 8960K, reserved 1048576K
}
Event: 277.135 GC heap after
{Heap after GC invocations=17 (full 0):
 garbage-first heap   total 55296K, used 29054K [0x0000000701400000, 0x0000000800000000)
  region size 2048K, 1 young (2048K), 1 survivors (2048K)
 Metaspace       used 64204K, committed 64768K, reserved 1114112K
  class space    used 8689K, committed 8960K, reserved 1048576K
}
Event: 1251.953 GC heap before
{Heap before GC invocations=17 (full 0):
 garbage-first heap   total 55296K, used 47486K [0x0000000701400000, 0x0000000800000000)
  region size 2048K, 10 young (20480K), 1 survivors (2048K)
 Metaspace       used 64255K, committed 64896K, reserved 1114112K
  class space    used 8689K, committed 8960K, reserved 1048576K
}
Event: 1251.954 GC heap after
{Heap after GC invocations=18 (full 0):
 garbage-first heap   total 55296K, used 28792K [0x0000000701400000, 0x0000000800000000)
  region size 2048K, 1 young (2048K), 1 survivors (2048K)
 Metaspace       used 64255K, committed 64896K, reserved 1114112K
  class space    used 8689K, committed 8960K, reserved 1048576K
}
Event: 2011.019 GC heap before
{Heap before GC invocations=19 (full 0):
 garbage-first heap   total 55296K, used 47224K [0x0000000701400000, 0x0000000800000000)
  region size 2048K, 10 young (20480K), 1 survivors (2048K)
 Metaspace       used 64398K, committed 65024K, reserved 1114112K
  class space    used 8694K, committed 8960K, reserved 1048576K
}
Event: 2011.023 GC heap after
{Heap after GC invocations=20 (full 0):
 garbage-first heap   total 55296K, used 29465K [0x0000000701400000, 0x0000000800000000)
  region size 2048K, 1 young (2048K), 1 survivors (2048K)
 Metaspace       used 64398K, committed 65024K, reserved 1114112K
  class space    used 8694K, committed 8960K, reserved 1048576K
}
Event: 3101.630 GC heap before
{Heap before GC invocations=20 (full 0):
 garbage-first heap   total 55296K, used 49945K [0x0000000701400000, 0x0000000800000000)
  region size 2048K, 11 young (22528K), 1 survivors (2048K)
 Metaspace       used 64420K, committed 65024K, reserved 1114112K
  class space    used 8694K, committed 8960K, reserved 1048576K
}
Event: 3101.633 GC heap after
{Heap after GC invocations=21 (full 0):
 garbage-first heap   total 55296K, used 29420K [0x0000000701400000, 0x0000000800000000)
  region size 2048K, 1 young (2048K), 1 survivors (2048K)
 Metaspace       used 64420K, committed 65024K, reserved 1114112K
  class space    used 8694K, committed 8960K, reserved 1048576K
}

Dll operation events (11 events):
Event: 0.008 Loaded shared library C:\Users\Samuel\.p2\pool\plugins\org.eclipse.justj.openjdk.hotspot.jre.full.win32.x86_64_21.0.10.v20260205-0638\jre\bin\java.dll
Event: 0.029 Loaded shared library C:\Users\Samuel\.p2\pool\plugins\org.eclipse.justj.openjdk.hotspot.jre.full.win32.x86_64_21.0.10.v20260205-0638\jre\bin\zip.dll
Event: 0.081 Loaded shared library C:\Users\Samuel\.p2\pool\plugins\org.eclipse.justj.openjdk.hotspot.jre.full.win32.x86_64_21.0.10.v20260205-0638\jre\bin\net.dll
Event: 0.082 Loaded shared library C:\Users\Samuel\.p2\pool\plugins\org.eclipse.justj.openjdk.hotspot.jre.full.win32.x86_64_21.0.10.v20260205-0638\jre\bin\nio.dll
Event: 0.084 Loaded shared library C:\Users\Samuel\.p2\pool\plugins\org.eclipse.justj.openjdk.hotspot.jre.full.win32.x86_64_21.0.10.v20260205-0638\jre\bin\zip.dll
Event: 0.201 Loaded shared library C:\Users\Samuel\.p2\pool\plugins\org.eclipse.justj.openjdk.hotspot.jre.full.win32.x86_64_21.0.10.v20260205-0638\jre\bin\jimage.dll
Event: 0.613 Loaded shared library C:\Users\Samuel\.p2\pool\plugins\org.eclipse.justj.openjdk.hotspot.jre.full.win32.x86_64_21.0.10.v20260205-0638\jre\bin\management.dll
Event: 0.625 Loaded shared library C:\Users\Samuel\.p2\pool\plugins\org.eclipse.justj.openjdk.hotspot.jre.full.win32.x86_64_21.0.10.v20260205-0638\jre\bin\management_ext.dll
Event: 1.715 Loaded shared library C:\Users\Samuel\.p2\pool\plugins\org.eclipse.justj.openjdk.hotspot.jre.full.win32.x86_64_21.0.10.v20260205-0638\jre\bin\sunmscapi.dll
Event: 4.285 Loaded shared library C:\Users\Samuel\.p2\pool\plugins\org.eclipse.justj.openjdk.hotspot.jre.full.win32.x86_64_21.0.10.v20260205-0638\jre\bin\verify.dll
Event: 4.840 Loaded shared library C:\Users\Samuel\.p2\pool\plugins\org.eclipse.justj.openjdk.hotspot.jre.full.win32.x86_64_21.0.10.v20260205-0638\jre\bin\extnet.dll

Deoptimization events (20 events):
Event: 3584.396 Thread 0x00000271f2a90000 DEOPT PACKING pc=0x0000027194f448de sp=0x000000f7038fe010
Event: 3584.396 Thread 0x00000271f2a90000 DEOPT UNPACKING pc=0x000002719bc14bc2 sp=0x000000f7038fd468 mode 0
Event: 3598.387 Thread 0x00000271f2a90000 DEOPT PACKING pc=0x0000027194aaac8b sp=0x000000f7038fdbf0
Event: 3598.387 Thread 0x00000271f2a90000 DEOPT UNPACKING pc=0x000002719bc14bc2 sp=0x000000f7038fd068 mode 0
Event: 3716.542 Thread 0x00000271f20154f0 Uncommon trap: trap_request=0xffffffd6 fr.pc=0x000002719c4b8a1c relative=0x00000000000004dc
Event: 3716.542 Thread 0x00000271f20154f0 Uncommon trap: reason=array_check action=maybe_recompile pc=0x000002719c4b8a1c method=java.util.HashMap.valuesToArray([Ljava/lang/Object;)[Ljava/lang/Object; @ 62 c2
Event: 3716.542 Thread 0x00000271f20154f0 DEOPT PACKING pc=0x000002719c4b8a1c sp=0x000000f7056fe990
Event: 3716.542 Thread 0x00000271f20154f0 DEOPT UNPACKING pc=0x000002719bc14422 sp=0x000000f7056fe928 mode 2
Event: 3716.542 Thread 0x00000271f20154f0 Uncommon trap: trap_request=0xffffffd6 fr.pc=0x000002719c4b8a1c relative=0x00000000000004dc
Event: 3716.542 Thread 0x00000271f20154f0 Uncommon trap: reason=array_check action=maybe_recompile pc=0x000002719c4b8a1c method=java.util.HashMap.valuesToArray([Ljava/lang/Object;)[Ljava/lang/Object; @ 62 c2
Event: 3716.542 Thread 0x00000271f20154f0 DEOPT PACKING pc=0x000002719c4b8a1c sp=0x000000f7056fe8c0
Event: 3716.542 Thread 0x00000271f20154f0 DEOPT UNPACKING pc=0x000002719bc14422 sp=0x000000f7056fe858 mode 2
Event: 3726.547 Thread 0x00000271aab77030 Uncommon trap: trap_request=0xffffffd6 fr.pc=0x000002719c4b8a1c relative=0x00000000000004dc
Event: 3726.547 Thread 0x00000271aab77030 Uncommon trap: reason=array_check action=maybe_recompile pc=0x000002719c4b8a1c method=java.util.HashMap.valuesToArray([Ljava/lang/Object;)[Ljava/lang/Object; @ 62 c2
Event: 3726.547 Thread 0x00000271aab77030 DEOPT PACKING pc=0x000002719c4b8a1c sp=0x000000f7055ff1f0
Event: 3726.548 Thread 0x00000271aab77030 DEOPT UNPACKING pc=0x000002719bc14422 sp=0x000000f7055ff188 mode 2
Event: 3726.548 Thread 0x00000271aab77030 Uncommon trap: trap_request=0xffffffd6 fr.pc=0x000002719c4b8a1c relative=0x00000000000004dc
Event: 3726.548 Thread 0x00000271aab77030 Uncommon trap: reason=array_check action=maybe_recompile pc=0x000002719c4b8a1c method=java.util.HashMap.valuesToArray([Ljava/lang/Object;)[Ljava/lang/Object; @ 62 c2
Event: 3726.548 Thread 0x00000271aab77030 DEOPT PACKING pc=0x000002719c4b8a1c sp=0x000000f7055ff120
Event: 3726.548 Thread 0x00000271aab77030 DEOPT UNPACKING pc=0x000002719bc14422 sp=0x000000f7055ff0b8 mode 2

Classes loaded (20 events):
Event: 7.792 Loading class com/sun/beans/util/Cache done
Event: 7.792 Loading class com/sun/beans/introspect/ClassInfo$1 done
Event: 7.792 Loading class com/sun/beans/util/Cache$Kind
Event: 7.792 Loading class com/sun/beans/util/Cache$Kind done
Event: 7.792 Loading class com/sun/beans/util/Cache$Kind$1
Event: 7.793 Loading class com/sun/beans/util/Cache$Kind$1 done
Event: 7.793 Loading class com/sun/beans/util/Cache$Kind$2
Event: 7.793 Loading class com/sun/beans/util/Cache$Kind$2 done
Event: 7.793 Loading class com/sun/beans/util/Cache$Kind$3
Event: 7.793 Loading class com/sun/beans/util/Cache$Kind$3 done
Event: 7.794 Loading class com/sun/beans/util/Cache$CacheEntry
Event: 7.794 Loading class com/sun/beans/util/Cache$CacheEntry done
Event: 1765.295 Loading class sun/security/ssl/Alert
Event: 1765.295 Loading class sun/security/ssl/Alert done
Event: 1765.295 Loading class sun/security/ssl/Alert$AlertConsumer
Event: 1765.295 Loading class sun/security/ssl/Alert$AlertConsumer done
Event: 1765.295 Loading class sun/security/ssl/Alert$Level
Event: 1765.296 Loading class sun/security/ssl/Alert$Level done
Event: 1770.977 Loading class sun/net/ConnectionResetException
Event: 1770.978 Loading class sun/net/ConnectionResetException done

Classes unloaded (0 events):
No events

Classes redefined (0 events):
No events

Internal exceptions (20 events):
Event: 7.359 Thread 0x00000271aab769a0 Exception <a 'java/lang/NoSuchMethodError'{0x000000071007bb08}: 'java.lang.Object java.lang.invoke.DirectMethodHandle$Holder.newInvokeSpecial(java.lang.Object, java.lang.Object, java.lang.Object, java.lang.Object, java.lang.Object, java.lang.Object, java.lang.Object, java.lang.Object)'> (0x000000071007bb08) 
thrown [s\src\hotspot\share\interpreter\linkResolver.cpp, line 773]
Event: 7.546 Thread 0x00000271aab769a0 Exception <a 'java/lang/IncompatibleClassChangeError'{0x0000000703268810}: Found class java.lang.Object, but interface was expected> (0x0000000703268810) 
thrown [s\src\hotspot\share\interpreter\linkResolver.cpp, line 840]
Event: 7.584 Thread 0x00000271aab769a0 Exception <a 'java/lang/NoSuchMethodError'{0x00000007112038e8}: 'void java.lang.invoke.DirectMethodHandle$Holder.invokeVirtual(java.lang.Object, java.lang.Object, long)'> (0x00000007112038e8) 
thrown [s\src\hotspot\share\interpreter\linkResolver.cpp, line 773]
Event: 7.652 Thread 0x00000271aab769a0 Exception <a 'java/lang/NoSuchMethodError'{0x000000071071e1d0}: 'int java.lang.invoke.DirectMethodHandle$Holder.invokeStaticInit(java.lang.Object, java.lang.Object, java.lang.Object, java.lang.Object)'> (0x000000071071e1d0) 
thrown [s\src\hotspot\share\interpreter\linkResolver.cpp, line 773]
Event: 7.666 Thread 0x00000271aab769a0 Exception <a 'java/lang/IncompatibleClassChangeError'{0x00000007107e1b88}: Found class java.lang.Object, but interface was expected> (0x00000007107e1b88) 
thrown [s\src\hotspot\share\interpreter\linkResolver.cpp, line 840]
Event: 7.673 Thread 0x00000271aab769a0 Implicit null exception at 0x000002719c2b2a8b to 0x000002719c2b2d10
Event: 7.748 Thread 0x00000271aab769a0 Exception <a 'java/lang/NoSuchMethodError'{0x00000007101134f0}: 'java.lang.Object java.lang.invoke.DirectMethodHandle$Holder.newInvokeSpecial(java.lang.Object, java.lang.Object, int, java.lang.Object, java.lang.Object)'> (0x00000007101134f0) 
thrown [s\src\hotspot\share\interpreter\linkResolver.cpp, line 773]
Event: 1770.976 Thread 0x00000271f2a92df0 Exception <a 'java/io/IOException'{0x0000000703e01408}> (0x0000000703e01408) 
thrown [s\src\hotspot\share\prims\jni.cpp, line 520]
Event: 1770.977 Thread 0x00000271f2a92df0 Exception <a 'java/io/IOException'{0x0000000703e02898}> (0x0000000703e02898) 
thrown [s\src\hotspot\share\prims\jni.cpp, line 520]
Event: 1771.145 Thread 0x00000271f2a92df0 Exception <a 'java/io/IOException'{0x0000000703e04c38}> (0x0000000703e04c38) 
thrown [s\src\hotspot\share\prims\jni.cpp, line 520]
Event: 1772.406 Thread 0x00000271f2a92df0 Exception <a 'java/net/SocketException'{0x0000000703e06aa8}: Connection reset by peer: shutdown> (0x0000000703e06aa8) 
thrown [s\src\hotspot\share\prims\jni.cpp, line 539]
Event: 1784.286 Thread 0x00000271f2a913b0 Exception <a 'java/net/SocketException'{0x0000000703fa4748}: Connection reset by peer: shutdown> (0x0000000703fa4748) 
thrown [s\src\hotspot\share\prims\jni.cpp, line 539]
Event: 1786.599 Thread 0x00000271f2a913b0 Exception <a 'java/net/SocketException'{0x0000000703fa7048}: Connection reset by peer: shutdown> (0x0000000703fa7048) 
thrown [s\src\hotspot\share\prims\jni.cpp, line 539]
Event: 1800.256 Thread 0x00000271f2a8ec50 Exception <a 'java/io/IOException'{0x0000000703d15000}> (0x0000000703d15000) 
thrown [s\src\hotspot\share\prims\jni.cpp, line 520]
Event: 1800.256 Thread 0x00000271f2a8ec50 Exception <a 'java/io/IOException'{0x0000000703d15c18}> (0x0000000703d15c18) 
thrown [s\src\hotspot\share\prims\jni.cpp, line 520]
Event: 3555.489 Thread 0x00000271f2a92df0 Exception <a 'java/io/IOException'{0x00000007100a0928}> (0x00000007100a0928) 
thrown [s\src\hotspot\share\prims\jni.cpp, line 520]
Event: 3556.740 Thread 0x00000271f2a92df0 Exception <a 'java/net/SocketException'{0x00000007100a2c08}: Connection reset by peer: shutdown> (0x00000007100a2c08) 
thrown [s\src\hotspot\share\prims\jni.cpp, line 539]
Event: 3558.126 Thread 0x00000271f2a92df0 Exception <a 'java/io/IOException'{0x00000007100a41a0}> (0x00000007100a41a0) 
thrown [s\src\hotspot\share\prims\jni.cpp, line 520]
Event: 3569.316 Thread 0x00000271f2a8ec50 Exception <a 'java/io/IOException'{0x0000000703eb8bb8}> (0x0000000703eb8bb8) 
thrown [s\src\hotspot\share\prims\jni.cpp, line 520]
Event: 3574.146 Thread 0x00000271f2a8ec50 Exception <a 'java/io/IOException'{0x0000000703ebabd0}> (0x0000000703ebabd0) 
thrown [s\src\hotspot\share\prims\jni.cpp, line 520]

ZGC Phase Switch (0 events):
No events

VM Operations (20 events):
Event: 3101.630 Executing safepoint VM operation: G1CollectForAllocation (G1 Evacuation Pause)
Event: 3101.633 Executing safepoint VM operation: G1CollectForAllocation (G1 Evacuation Pause) done
Event: 3556.262 Executing safepoint VM operation: Cleanup
Event: 3556.262 Executing safepoint VM operation: Cleanup done
Event: 3557.265 Executing safepoint VM operation: Cleanup
Event: 3557.265 Executing safepoint VM operation: Cleanup done
Event: 3559.285 Executing safepoint VM operation: Cleanup
Event: 3559.285 Executing safepoint VM operation: Cleanup done
Event: 3564.315 Executing safepoint VM operation: Cleanup
Event: 3564.315 Executing safepoint VM operation: Cleanup done
Event: 3569.345 Executing safepoint VM operation: Cleanup
Event: 3569.345 Executing safepoint VM operation: Cleanup done
Event: 3574.391 Executing safepoint VM operation: Cleanup
Event: 3574.391 Executing safepoint VM operation: Cleanup done
Event: 3577.415 Executing safepoint VM operation: Cleanup
Event: 3577.415 Executing safepoint VM operation: Cleanup done
Event: 3584.455 Executing safepoint VM operation: Cleanup
Event: 3584.455 Executing safepoint VM operation: Cleanup done
Event: 3598.553 Executing safepoint VM operation: Cleanup
Event: 3598.553 Executing safepoint VM operation: Cleanup done

Memory protections (0 events):
No events

Nmethod flushes (20 events):
Event: 1251.975 Thread 0x00000271aab48260 flushing  nmethod 0x0000027194887690
Event: 1251.975 Thread 0x00000271aab48260 flushing  nmethod 0x0000027194887f10
Event: 1251.975 Thread 0x00000271aab48260 flushing  nmethod 0x000002719488a490
Event: 1251.975 Thread 0x00000271aab48260 flushing  nmethod 0x000002719488a910
Event: 1251.975 Thread 0x00000271aab48260 flushing  nmethod 0x000002719488e290
Event: 1251.975 Thread 0x00000271aab48260 flushing  nmethod 0x0000027194891210
Event: 1251.975 Thread 0x00000271aab48260 flushing  nmethod 0x0000027194891610
Event: 1251.975 Thread 0x00000271aab48260 flushing  nmethod 0x0000027194891d10
Event: 1251.975 Thread 0x00000271aab48260 flushing  nmethod 0x00000271948fa010
Event: 1251.975 Thread 0x00000271aab48260 flushing  nmethod 0x000002719493a810
Event: 1251.975 Thread 0x00000271aab48260 flushing  nmethod 0x0000027194a2e610
Event: 1251.975 Thread 0x00000271aab48260 flushing  nmethod 0x0000027194a2eb90
Event: 1251.975 Thread 0x00000271aab48260 flushing  nmethod 0x0000027194a5b910
Event: 1251.975 Thread 0x00000271aab48260 flushing  nmethod 0x0000027194a84a90
Event: 1251.975 Thread 0x00000271aab48260 flushing  nmethod 0x0000027194d05490
Event: 1251.975 Thread 0x00000271aab48260 flushing  nmethod 0x0000027194d05c90
Event: 1251.975 Thread 0x00000271aab48260 flushing  nmethod 0x0000027194d08510
Event: 1251.975 Thread 0x00000271aab48260 flushing  nmethod 0x0000027194d8c190
Event: 1251.975 Thread 0x00000271aab48260 flushing  nmethod 0x0000027194e2e710
Event: 1251.975 Thread 0x00000271aab48260 flushing  nmethod 0x0000027194f35a90

Events (20 events):
Event: 3555.488 Thread 0x00000271f20147d0 Thread added: 0x00000271f2a92df0
Event: 3555.489 Thread 0x00000271f2a92df0 Thread added: 0x00000271f2a8ec50
Event: 3563.496 Thread 0x00000271f2a92df0 Thread exited: 0x00000271f2a92df0
Event: 3563.543 Thread 0x00000271f2a8ec50 Thread exited: 0x00000271f2a8ec50
Event: 3564.191 Thread 0x00000271f20147d0 Thread added: 0x00000271f2a8ec50
Event: 3564.192 Thread 0x00000271f2a8ec50 Thread added: 0x00000271f2a90000
Event: 3569.206 Thread 0x00000271f2a8ec50 Thread exited: 0x00000271f2a8ec50
Event: 3569.251 Thread 0x00000271f2a90000 Thread exited: 0x00000271f2a90000
Event: 3569.314 Thread 0x00000271f20147d0 Thread added: 0x00000271f2a8ec50
Event: 3569.317 Thread 0x00000271f2a8ec50 Thread added: 0x00000271f2a92df0
Event: 3581.528 Thread 0x00000271f2a8ec50 Thread exited: 0x00000271f2a8ec50
Event: 3581.575 Thread 0x00000271f2a92df0 Thread exited: 0x00000271f2a92df0
Event: 3584.393 Thread 0x00000271f20147d0 Thread added: 0x00000271f2a8ec50
Event: 3584.394 Thread 0x00000271f2a8ec50 Thread added: 0x00000271f2a90000
Event: 3589.398 Thread 0x00000271f2a8ec50 Thread exited: 0x00000271f2a8ec50
Event: 3589.446 Thread 0x00000271f2a90000 Thread exited: 0x00000271f2a90000
Event: 3598.379 Thread 0x00000271f20147d0 Thread added: 0x00000271f2a8ec50
Event: 3598.380 Thread 0x00000271f2a8ec50 Thread added: 0x00000271f2a90000
Event: 3603.392 Thread 0x00000271f2a8ec50 Thread exited: 0x00000271f2a8ec50
Event: 3603.438 Thread 0x00000271f2a90000 Thread exited: 0x00000271f2a90000


Dynamic libraries:
0x00007ff7e0f00000 - 0x00007ff7e0f0e000 	C:\Users\Samuel\.p2\pool\plugins\org.eclipse.justj.openjdk.hotspot.jre.full.win32.x86_64_21.0.10.v20260205-0638\jre\bin\javaw.exe
0x00007ff96d7f0000 - 0x00007ff96d9e9000 	C:\WINDOWS\SYSTEM32\ntdll.dll
0x00007ff96d4b0000 - 0x00007ff96d572000 	C:\WINDOWS\System32\KERNEL32.DLL
0x00007ff96b3c0000 - 0x00007ff96b6b7000 	C:\WINDOWS\System32\KERNELBASE.dll
0x00007ff96ae60000 - 0x00007ff96af60000 	C:\WINDOWS\System32\ucrtbase.dll
0x00007ff965b40000 - 0x00007ff965b58000 	C:\Users\Samuel\.p2\pool\plugins\org.eclipse.justj.openjdk.hotspot.jre.full.win32.x86_64_21.0.10.v20260205-0638\jre\bin\jli.dll
0x00007ff96ccc0000 - 0x00007ff96ce5d000 	C:\WINDOWS\System32\USER32.dll
0x00007ff96af60000 - 0x00007ff96af82000 	C:\WINDOWS\System32\win32u.dll
0x00007ff95a600000 - 0x00007ff95a89b000 	C:\WINDOWS\WinSxS\amd64_microsoft.windows.common-controls_6595b64144ccf1df_6.0.19041.6926_none_60b5a53971f8f7e6\COMCTL32.dll
0x00007ff96d270000 - 0x00007ff96d29b000 	C:\WINDOWS\System32\GDI32.dll
0x00007ff96c9f0000 - 0x00007ff96ca8e000 	C:\WINDOWS\System32\msvcrt.dll
0x00007ff96b0b0000 - 0x00007ff96b1ca000 	C:\WINDOWS\System32\gdi32full.dll
0x00007ff96b010000 - 0x00007ff96b0ad000 	C:\WINDOWS\System32\msvcp_win.dll
0x00007ff9634d0000 - 0x00007ff9634ee000 	C:\Users\Samuel\.p2\pool\plugins\org.eclipse.justj.openjdk.hotspot.jre.full.win32.x86_64_21.0.10.v20260205-0638\jre\bin\VCRUNTIME140.dll
0x00007ff96ba20000 - 0x00007ff96ba4f000 	C:\WINDOWS\System32\IMM32.DLL
0x00007ff959e50000 - 0x00007ff959e5c000 	C:\Users\Samuel\.p2\pool\plugins\org.eclipse.justj.openjdk.hotspot.jre.full.win32.x86_64_21.0.10.v20260205-0638\jre\bin\vcruntime140_1.dll
0x00007ff944c90000 - 0x00007ff944d1d000 	C:\Users\Samuel\.p2\pool\plugins\org.eclipse.justj.openjdk.hotspot.jre.full.win32.x86_64_21.0.10.v20260205-0638\jre\bin\msvcp140.dll
0x00007ff8cd360000 - 0x00007ff8ce101000 	C:\Users\Samuel\.p2\pool\plugins\org.eclipse.justj.openjdk.hotspot.jre.full.win32.x86_64_21.0.10.v20260205-0638\jre\bin\server\jvm.dll
0x00007ff96c3e0000 - 0x00007ff96c491000 	C:\WINDOWS\System32\ADVAPI32.dll
0x00007ff96b920000 - 0x00007ff96b9bf000 	C:\WINDOWS\System32\sechost.dll
0x00007ff96b7f0000 - 0x00007ff96b916000 	C:\WINDOWS\System32\RPCRT4.dll
0x00007ff96b7c0000 - 0x00007ff96b7e7000 	C:\WINDOWS\System32\bcrypt.dll
0x00007ff96ce60000 - 0x00007ff96cecb000 	C:\WINDOWS\System32\WS2_32.dll
0x00007ff96ad30000 - 0x00007ff96ad7b000 	C:\WINDOWS\SYSTEM32\POWRPROF.dll
0x00007ff95cb30000 - 0x00007ff95cb57000 	C:\WINDOWS\SYSTEM32\WINMM.dll
0x00007ff964800000 - 0x00007ff96480a000 	C:\WINDOWS\SYSTEM32\VERSION.dll
0x00007ff96ad10000 - 0x00007ff96ad22000 	C:\WINDOWS\SYSTEM32\UMPDC.dll
0x00007ff968c10000 - 0x00007ff968c22000 	C:\WINDOWS\SYSTEM32\kernel.appcore.dll
0x00007ff968040000 - 0x00007ff96804a000 	C:\Users\Samuel\.p2\pool\plugins\org.eclipse.justj.openjdk.hotspot.jre.full.win32.x86_64_21.0.10.v20260205-0638\jre\bin\jimage.dll
0x00007ff964520000 - 0x00007ff964721000 	C:\WINDOWS\SYSTEM32\DBGHELP.DLL
0x00007ff957ed0000 - 0x00007ff957f04000 	C:\WINDOWS\SYSTEM32\dbgcore.DLL
0x00007ff96b330000 - 0x00007ff96b3b2000 	C:\WINDOWS\System32\bcryptPrimitives.dll
0x00007ff963430000 - 0x00007ff963450000 	C:\Users\Samuel\.p2\pool\plugins\org.eclipse.justj.openjdk.hotspot.jre.full.win32.x86_64_21.0.10.v20260205-0638\jre\bin\java.dll
0x00007ff96ba50000 - 0x00007ff96c1c1000 	C:\WINDOWS\System32\SHELL32.dll
0x00007ff968ef0000 - 0x00007ff969696000 	C:\WINDOWS\SYSTEM32\windows.storage.dll
0x00007ff96cef0000 - 0x00007ff96d243000 	C:\WINDOWS\System32\combase.dll
0x00007ff96a7b0000 - 0x00007ff96a7db000 	C:\WINDOWS\SYSTEM32\Wldp.dll
0x00007ff96d2a0000 - 0x00007ff96d376000 	C:\WINDOWS\System32\OLEAUT32.dll
0x00007ff96d700000 - 0x00007ff96d7ad000 	C:\WINDOWS\System32\SHCORE.dll
0x00007ff96cbb0000 - 0x00007ff96cc0b000 	C:\WINDOWS\System32\shlwapi.dll
0x00007ff96ad80000 - 0x00007ff96ada4000 	C:\WINDOWS\SYSTEM32\profapi.dll
0x00007ff959eb0000 - 0x00007ff959ec8000 	C:\Users\Samuel\.p2\pool\plugins\org.eclipse.justj.openjdk.hotspot.jre.full.win32.x86_64_21.0.10.v20260205-0638\jre\bin\zip.dll
0x00007ff967fd0000 - 0x00007ff967fe0000 	C:\Users\Samuel\.p2\pool\plugins\org.eclipse.justj.openjdk.hotspot.jre.full.win32.x86_64_21.0.10.v20260205-0638\jre\bin\net.dll
0x00007ff963bd0000 - 0x00007ff963cda000 	C:\WINDOWS\SYSTEM32\WINHTTP.dll
0x00007ff96a4e0000 - 0x00007ff96a54a000 	C:\WINDOWS\system32\mswsock.dll
0x00007ff959e30000 - 0x00007ff959e46000 	C:\Users\Samuel\.p2\pool\plugins\org.eclipse.justj.openjdk.hotspot.jre.full.win32.x86_64_21.0.10.v20260205-0638\jre\bin\nio.dll
0x00007ff958350000 - 0x00007ff95835a000 	C:\Users\Samuel\.p2\pool\plugins\org.eclipse.justj.openjdk.hotspot.jre.full.win32.x86_64_21.0.10.v20260205-0638\jre\bin\management.dll
0x00007ff958340000 - 0x00007ff95834c000 	C:\Users\Samuel\.p2\pool\plugins\org.eclipse.justj.openjdk.hotspot.jre.full.win32.x86_64_21.0.10.v20260205-0638\jre\bin\management_ext.dll
0x00007ff96d670000 - 0x00007ff96d678000 	C:\WINDOWS\System32\PSAPI.DLL
0x00007ff967710000 - 0x00007ff96771e000 	C:\Users\Samuel\.p2\pool\plugins\org.eclipse.justj.openjdk.hotspot.jre.full.win32.x86_64_21.0.10.v20260205-0638\jre\bin\sunmscapi.dll
0x00007ff96b1d0000 - 0x00007ff96b32d000 	C:\WINDOWS\System32\CRYPT32.dll
0x00007ff96a820000 - 0x00007ff96a847000 	C:\WINDOWS\SYSTEM32\ncrypt.dll
0x00007ff96a7e0000 - 0x00007ff96a81b000 	C:\WINDOWS\SYSTEM32\NTASN1.dll
0x00007ff96a710000 - 0x00007ff96a728000 	C:\WINDOWS\SYSTEM32\CRYPTSP.dll
0x00007ff969e00000 - 0x00007ff969e38000 	C:\WINDOWS\system32\rsaenh.dll
0x00007ff96ac90000 - 0x00007ff96acbe000 	C:\WINDOWS\SYSTEM32\USERENV.dll
0x00007ff96a700000 - 0x00007ff96a70c000 	C:\WINDOWS\SYSTEM32\CRYPTBASE.dll
0x00007ff96a1c0000 - 0x00007ff96a1fb000 	C:\WINDOWS\SYSTEM32\IPHLPAPI.DLL
0x00007ff96cee0000 - 0x00007ff96cee8000 	C:\WINDOWS\System32\NSI.dll
0x00007ff967aa0000 - 0x00007ff967ab0000 	C:\Users\Samuel\.p2\pool\plugins\org.eclipse.justj.openjdk.hotspot.jre.full.win32.x86_64_21.0.10.v20260205-0638\jre\bin\verify.dll
0x00007ff96a200000 - 0x00007ff96a2ca000 	C:\WINDOWS\SYSTEM32\DNSAPI.dll
0x00007ff9625e0000 - 0x00007ff9625ea000 	C:\Windows\System32\rasadhlp.dll
0x00007ff9622a0000 - 0x00007ff962320000 	C:\WINDOWS\System32\fwpuclnt.dll
0x00007ff965be0000 - 0x00007ff965be9000 	C:\Users\Samuel\.p2\pool\plugins\org.eclipse.justj.openjdk.hotspot.jre.full.win32.x86_64_21.0.10.v20260205-0638\jre\bin\extnet.dll
0x00007ff954a60000 - 0x00007ff954a67000 	C:\WINDOWS\system32\wshunix.dll

JVMTI agents: none

dbghelp: loaded successfully - version: 4.0.5 - missing functions: none
symbol engine: initialized successfully - sym options: 0x614 - pdb path: .;C:\Users\Samuel\.p2\pool\plugins\org.eclipse.justj.openjdk.hotspot.jre.full.win32.x86_64_21.0.10.v20260205-0638\jre\bin;C:\WINDOWS\SYSTEM32;C:\WINDOWS\WinSxS\amd64_microsoft.windows.common-controls_6595b64144ccf1df_6.0.19041.6926_none_60b5a53971f8f7e6;C:\Users\Samuel\.p2\pool\plugins\org.eclipse.justj.openjdk.hotspot.jre.full.win32.x86_64_21.0.10.v20260205-0638\jre\bin\server

VM Arguments:
jvm_args: -Dfile.encoding=UTF-8 -Dstdout.encoding=UTF-8 -Dstderr.encoding=UTF-8 -XX:+ShowCodeDetailsInExceptionMessages 
java_command: com.bananinha.bananinha_materiais.BananinhaMateriaisApplication
java_class_path (initial): C:\Users\Samuel\Desktop\bananinha-materiais\bananinha-materiais\target\classes;C:\Users\Samuel\.m2\repository\org\springframework\boot\spring-boot-starter-web\3.3.10\spring-boot-starter-web-3.3.10.jar;C:\Users\Samuel\.m2\repository\org\springframework\boot\spring-boot-starter\3.3.10\spring-boot-starter-3.3.10.jar;C:\Users\Samuel\.m2\repository\org\springframework\boot\spring-boot-starter-logging\3.3.10\spring-boot-starter-logging-3.3.10.jar;C:\Users\Samuel\.m2\repository\ch\qos\logback\logback-classic\1.5.18\logback-classic-1.5.18.jar;C:\Users\Samuel\.m2\repository\ch\qos\logback\logback-core\1.5.18\logback-core-1.5.18.jar;C:\Users\Samuel\.m2\repository\org\apache\logging\log4j\log4j-to-slf4j\2.23.1\log4j-to-slf4j-2.23.1.jar;C:\Users\Samuel\.m2\repository\org\slf4j\jul-to-slf4j\2.0.17\jul-to-slf4j-2.0.17.jar;C:\Users\Samuel\.m2\repository\jakarta\annotation\jakarta.annotation-api\2.1.1\jakarta.annotation-api-2.1.1.jar;C:\Users\Samuel\.m2\repository\org\yaml\snakeyaml\2.2\snakeyaml-2.2.jar;C:\Users\Samuel\.m2\repository\org\springframework\boot\spring-boot-starter-json\3.3.10\spring-boot-starter-json-3.3.10.jar;C:\Users\Samuel\.m2\repository\com\fasterxml\jackson\core\jackson-databind\2.17.3\jackson-databind-2.17.3.jar;C:\Users\Samuel\.m2\repository\com\fasterxml\jackson\core\jackson-annotations\2.17.3\jackson-annotations-2.17.3.jar;C:\Users\Samuel\.m2\repository\com\fasterxml\jackson\core\jackson-core\2.17.3\jackson-core-2.17.3.jar;C:\Users\Samuel\.m2\repository\com\fasterxml\jackson\datatype\jackson-datatype-jdk8\2.17.3\jackson-datatype-jdk8-2.17.3.jar;C:\Users\Samuel\.m2\repository\com\fasterxml\jackson\datatype\jackson-datatype-jsr310\2.17.3\jackson-datatype-jsr310-2.17.3.jar;C:\Users\Samuel\.m2\repository\com\fasterxml\jackson\module\jackson-module-parameter-names\2.17.3\jackson-module-parameter-names-2.17.3.jar;C:\Users\Samuel\.m2\repository\org\springframework\boot\spring-boot-starter-tomcat\3.3.10\spring-boot-starter-tomcat-3.3.10.jar;C:\Users\Samuel\.m2\repository\org\apache\tomcat\embed\tomcat-embed-core\10.1.39\tomcat-embed-core-10.1.39.jar;C:\Users\Samuel\.m2\repository\org\apache\tomcat\embed\tomcat-embed-el\10.1.39\tomcat-embed-el-10.1.39.jar;C:\Users\Samuel\.m2\repository\org\apache\tomcat\embed\tomcat-embed-websocket\10.1.39\tomcat-embed-websocket-10.1.39.jar;C:\Users\Samuel\.m2\repository\org\springframework\spring-web\6.1.18\spring-web-6.1.18.jar;C:\Users\Samuel\.m2\repository\org\springframework\spring-beans\6.1.18\spring-beans-6.1.18.jar;C:\Users\Samuel\.m2\repository\io\micrometer\micrometer-observation\1.13.12\micrometer-observation-1.13.12.jar;C:\Users\Samuel\.m2\repository\io\micrometer\micrometer-commons\1.13.12\micrometer-commons-1.13.12.jar;C:\Users\Samuel\.m2\repository\org\springframework\spring-webmvc\6.1.18\spring-webmvc-6.1.18.jar;C:\Users\Samuel\.m2\repository\org\springframework\spring-aop\6.1.18\spring-aop-6.1.18.jar;C:\Users\Samuel\.m2\repository\org\springframework\spring-context\6.1.18\spring-context-6.1.18.jar;C:\Users\Samuel\.m2\repository\org\springframework\spring-expression\6.1.18\spring-expression-6.1.18.jar;C:\Users\Samuel\.m2\repository\org\springframework\boot\spring-boot-devtools\3.3.10\spring-boot-devtools-3.3.10.jar;C:\Users\Samuel\.m2\repository\org\springframework\boot\spring-boot\3.3.10\spring-boot-3.3.10.jar;C:\Users\Samuel\.m2\repository\org\springframework\boot\spring-boot-autoconfigure\3.3.10\spring-boot-autoconfigure-3.3.10.jar;C:\Users\Samuel\.m2\repository\org\projectlombok\lombok\1.18.36\lombok-1.18.36.jar;C:\Users\Samuel\.m2\repository\org\springframework\boot\spring-boot-starter-data-jpa\3.3.10\spring-boot-starter-data-jpa-3.3.10.jar;C:\Users\Samuel\.m2\repository\org\springframework\boot\spring-boot-starter-aop\3.3.10\spring-boot-starter-aop-3.3.10.jar;C:\Users\Samuel\.m2\repository\org\aspectj\aspectjweaver\1.9.23\aspectjweaver-1.9.23.jar;C:\Users\Samuel\.m2\repository\org\springframework\boot\spring-boot-starter-jdbc\3.3.10\spring-boot-starter-jdbc-3.3.10.jar;C:\Users\Samuel\.m2\repository\com\zaxxer\HikariCP\5.1.0\HikariCP-5.1.0.jar;C:\Users\Samuel\.m2\repository\org\springframework\spring-jdbc\6.1.18\spring-jdbc-6.1.18.jar;C:\Users\Samuel\.m2\repository\org\hibernate\orm\hibernate-core\6.5.3.Final\hibernate-core-6.5.3.Final.jar;C:\Users\Samuel\.m2\repository\jakarta\persistence\jakarta.persistence-api\3.1.0\jakarta.persistence-api-3.1.0.jar;C:\Users\Samuel\.m2\repository\jakarta\transaction\jakarta.transaction-api\2.0.1\jakarta.transaction-api-2.0.1.jar;C:\Users\Samuel\.m2\repository\org\jboss\logging\jboss-logging\3.5.3.Final\jboss-logging-3.5.3.Final.jar;C:\Users\Samuel\.m2\repository\org\hibernate\common\hibernate-commons-annotations\6.0.6.Final\hibernate-commons-annotations-6.0.6.Final.jar;C:\Users\Samuel\.m2\repository\io\smallrye\jandex\3.1.2\jandex-3.1.2.jar;C:\Users\Samuel\.m2\repository\com\fasterxml\classmate\1.7.0\classmate-1.7.0.jar;C:\Users\Samuel\.m2\repository\net\bytebuddy\byte-buddy\1.14.19\byte-buddy-1.14.19.jar;C:\Users\Samuel\.m2\repository\org\glassfish\jaxb\jaxb-runtime\4.0.5\jaxb-runtime-4.0.5.jar;C:\Users\Samuel\.m2\repository\org\glassfish\jaxb\jaxb-core\4.0.5\jaxb-core-4.0.5.jar;C:\Users\Samuel\.m2\repository\org\eclipse\angus\angus-activation\2.0.2\angus-activation-2.0.2.jar;C:\Users\Samuel\.m2\repository\org\glassfish\jaxb\txw2\4.0.5\txw2-4.0.5.jar;C:\Users\Samuel\.m2\repository\com\sun\istack\istack-commons-runtime\4.1.2\istack-commons-runtime-4.1.2.jar;C:\Users\Samuel\.m2\repository\jakarta\inject\jakarta.inject-api\2.0.1\jakarta.inject-api-2.0.1.jar;C:\Users\Samuel\.m2\repository\org\antlr\antlr4-runtime\4.13.0\antlr4-runtime-4.13.0.jar;C:\Users\Samuel\.m2\repository\org\springframework\data\spring-data-jpa\3.3.10\spring-data-jpa-3.3.10.jar;C:\Users\Samuel\.m2\repository\org\springframework\data\spring-data-commons\3.3.10\spring-data-commons-3.3.10.jar;C:\Users\Samuel\.m2\repository\org\springframework\spring-orm\6.1.18\spring-orm-6.1.18.jar;C:\Users\Samuel\.m2\repository\org\springframework\spring-tx\6.1.18\spring-tx-6.1.18.jar;C:\Users\Samuel\.m2\repository\org\slf4j\slf4j-api\2.0.17\slf4j-api-2.0.17.jar;C:\Users\Samuel\.m2\repository\org\springframework\spring-aspects\6.1.18\spring-aspects-6.1.18.jar;C:\Users\Samuel\.m2\repository\com\mysql\mysql-connector-j\8.3.0\mysql-connector-j-8.3.0.jar;C:\Users\Samuel\.m2\repository\jakarta\xml\bind\jakarta.xml.bind-api\4.0.2\jakarta.xml.bind-api-4.0.2.jar;C:\Users\Samuel\.m2\repository\jakarta\activation\jakarta.activation-api\2.1.3\jakarta.activation-api-2.1.3.jar;C:\Users\Samuel\.m2\repository\org\springframework\spring-core\6.1.18\spring-core-6.1.18.jar;C:\Users\Samuel\.m2\repository\org\springframework\spring-jcl\6.1.18\spring-jcl-6.1.18.jar;C:\Users\Samuel\.m2\repository\org\apache\poi\poi\5.2.5\poi-5.2.5.jar;C:\Users\Samuel\.m2\repository\commons-codec\commons-codec\1.16.1\commons-codec-1.16.1.jar;C:\Users\Samuel\.m2\repository\org\apache\commons\commons-collections4\4.4\commons-collections4-4.4.jar;C:\Users\Samuel\.m2\repository\org\apache\commons\commons-math3\3.6.1\commons-math3-3.6.1.jar;C:\Users\Samuel\.m2\repository\commons-io\commons-io\2.15.0\commons-io-2.15.0.jar;C:\Users\Samuel\.m2\repository\com\zaxxer\SparseBitSet\1.3\SparseBitSet-1.3.jar;C:\Users\Samuel\.m2\repository\org\apache\logging\log4j\log4j-api\2.23.1\log4j-api-2.23.1.jar;C:\Users\Samuel\.m2\repository\org\apache\poi\poi-ooxml\5.2.5\poi-ooxml-5.2.5.jar;C:\Users\Samuel\.m2\repository\org\apache\poi\poi-ooxml-lite\5.2.5\poi-ooxml-lite-5.2.5.jar;C:\Users\Samuel\.m2\repository\org\apache\xmlbeans\xmlbeans\5.2.0\xmlbeans-5.2.0.jar;C:\Users\Samuel\.m2\repository\org\apache\commons\commons-compress\1.25.0\commons-compress-1.25.0.jar;C:\Users\Samuel\.m2\repository\com\github\virtuald\curvesapi\1.08\curvesapi-1.08.jar;C:\Users\Samuel\.m2\repository\org\jsoup\jsoup\1.17.2\jsoup-1.17.2.jar
Launcher Type: SUN_STANDARD

[Global flags]
     intx CICompilerCount                          = 3                                         {product} {ergonomic}
     uint ConcGCThreads                            = 2                                         {product} {ergonomic}
     uint G1ConcRefinementThreads                  = 6                                         {product} {ergonomic}
   size_t G1HeapRegionSize                         = 2097152                                   {product} {ergonomic}
    uintx GCDrainStackTargetSize                   = 64                                        {product} {ergonomic}
   size_t InitialHeapSize                          = 268435456                                 {product} {ergonomic}
   size_t MarkStackSize                            = 4194304                                   {product} {ergonomic}
   size_t MaxHeapSize                              = 4273995776                                {product} {ergonomic}
   size_t MaxNewSize                               = 2562719744                                {product} {ergonomic}
   size_t MinHeapDeltaBytes                        = 2097152                                   {product} {ergonomic}
   size_t MinHeapSize                              = 8388608                                   {product} {ergonomic}
    uintx NonNMethodCodeHeapSize                   = 5832780                                {pd product} {ergonomic}
    uintx NonProfiledCodeHeapSize                  = 122912730                              {pd product} {ergonomic}
    uintx ProfiledCodeHeapSize                     = 122912730                              {pd product} {ergonomic}
    uintx ReservedCodeCacheSize                    = 251658240                              {pd product} {ergonomic}
     bool SegmentedCodeCache                       = true                                      {product} {ergonomic}
     bool ShowCodeDetailsInExceptionMessages       = true                                   {manageable} {command line}
   size_t SoftMaxHeapSize                          = 4273995776                             {manageable} {ergonomic}
     bool UseCompressedOops                        = true                           {product lp64_product} {ergonomic}
     bool UseG1GC                                  = true                                      {product} {ergonomic}
     bool UseLargePagesIndividualAllocation        = false                                  {pd product} {ergonomic}

Logging:
Log output configuration:
 #0: stdout all=warning uptime,level,tags foldmultilines=false
 #1: stderr all=off uptime,level,tags foldmultilines=false

Release file:
JAVA_VERSION="21.0.10" 
MODULES="java.base java.compiler java.datatransfer java.xml java.prefs java.desktop java.instrument java.logging java.management java.security.sasl java.naming java.rmi java.management.rmi java.net.http java.scripting java.security.jgss java.transaction.xa java.sql java.sql.rowset java.xml.crypto java.se java.smartcardio jdk.accessibility jdk.internal.jvmstat jdk.attach jdk.charsets jdk.internal.opt jdk.zipfs jdk.compiler jdk.crypto.ec jdk.crypto.cryptoki jdk.crypto.mscapi jdk.dynalink jdk.internal.ed jdk.editpad jdk.hotspot.agent jdk.httpserver jdk.internal.le jdk.internal.vm.ci jdk.internal.vm.compiler jdk.internal.vm.compiler.management jdk.jartool jdk.javadoc jdk.jcmd jdk.management jdk.management.agent jdk.jconsole jdk.jdeps jdk.jdwp.agent jdk.jdi jdk.jfr jdk.jshell jdk.jsobject jdk.jstatd jdk.localedata jdk.management.jfr jdk.naming.dns jdk.naming.rmi jdk.net jdk.nio.mapmode jdk.random jdk.sctp jdk.security.auth jdk.security.jgss jdk.unsupported jdk.unsupported.desktop jdk.xml.dom" 

Environment Variables:
PATH=C:/Users/Samuel/.p2/pool/plugins/org.eclipse.justj.openjdk.hotspot.jre.full.win32.x86_64_21.0.10.v20260205-0638/jre/bin/server;C:/Users/Samuel/.p2/pool/plugins/org.eclipse.justj.openjdk.hotspot.jre.full.win32.x86_64_21.0.10.v20260205-0638/jre/bin;C:\Program Files\Common Files\Oracle\Java\javapath;C:\Program Files (x86)\Common Files\Oracle\Java\javapath;C:\WINDOWS\system32;C:\WINDOWS;C:\WINDOWS\System32\Wbem;C:\WINDOWS\System32\WindowsPowerShell\v1.0\;C:\WINDOWS\System32\OpenSSH\;C:\Program Files\nodejs\;C:\Program Files\Git\cmd;C:\Flutter\bin;C:\Program Files\dotnet\;C:\Program Files\MySQL\MySQL Shell 8.0\bin\;C:\Users\Samuel\AppData\Local\Programs\Python\Python314\Scripts\;C:\Users\Samuel\AppData\Local\Programs\Python\Python314\;C:\Users\Samuel\AppData\Local\Microsoft\WindowsApps;C:\Users\Samuel\AppData\Local\Programs\Microsoft VS Code\bin;C:\Users\Samuel\AppData\Roaming\npm;C:\Users\Samuel\.dotnet\tools;C:\Users\Samuel\Desktop;
USERNAME=Samuel
OS=Windows_NT
PROCESSOR_IDENTIFIER=Intel64 Family 6 Model 158 Stepping 10, GenuineIntel
TMP=C:\Users\Samuel\AppData\Local\Temp
TEMP=C:\Users\Samuel\AppData\Local\Temp




Periodic native trim disabled

---------------  S Y S T E M  ---------------

OS:
 Windows 10 , 64 bit Build 19041 (10.0.19041.7291)
OS uptime: 0 days 22:04 hours

CPU: total 6 (initial active 6) (6 cores per cpu, 1 threads per core) family 6 model 158 stepping 10 microcode 0xb4, cx8, cmov, fxsr, mmx, 3dnowpref, sse, sse2, sse3, ssse3, sse4.1, sse4.2, popcnt, lzcnt, tsc, tscinvbit, avx, avx2, aes, erms, clmul, bmi1, bmi2, adx, fma, vzeroupper, clflush, clflushopt, rdtscp, f16c
Processor Information for the first 6 processors :
  Max Mhz: 2904, Current Mhz: 2904, Mhz Limit: 2904

Memory: 4k page, system-wide physical 16296M (7646M free)
TotalPageFile size 44836M (AvailPageFile size 2M)
current process WorkingSet (physical memory assigned to process): 220M, peak: 261M
current process commit charge ("private bytes"): 250M, peak: 402M

vm_info: OpenJDK 64-Bit Server VM (21.0.10+7-LTS) for windows-amd64 JRE (21.0.10+7-LTS), built on 2026-01-20T00:00:00Z by "admin" with MS VC++ 17.12 (VS2022)

END.
